<?xml version="1.0" encoding="UTF-8" ?>
<testsuite errors="0" failures="0" hostname="INFAR50600" name="com.test.cucumber.AddTwoNumbers" tests="16" time="0.15" timestamp="2016-08-26T05:47:37">
  <properties>
[...]
</properties>
  <testcase classname="Scenario: Add two numbers" name="Given I have entered first number" time="0.0" />
  <testcase classname="Scenario: Add two numbers" name="And I have enetered second number" time="0.0" />
  <testcase classname="Scenario: Add two numbers" name="When I press add button" time="0.0" />
  <testcase classname="Scenario: Add two numbers" name="Then Sum of two numbers should be shown" time="0.0" />
  <testcase classname="junit.framework.TestSuite" name="Scenario: Add two numbers" time="0.0" />
  <testcase classname="Scenario: Sustration of two numbers" name="Given I have entered first number" time="0.0" />
  <testcase classname="Scenario: Sustration of two numbers" name="And I have enetered second number" time="0.0" />
  <testcase classname="Scenario: Sustration of two numbers" name="When I press substract button" time="0.0" />
  <testcase classname="Scenario: Sustration of two numbers" name="Then Substraction of two numbers should be shown" time="0.0" />
  <testcase classname="junit.framework.TestSuite" name="Scenario: Sustration of two numbers" time="0.0" />
  <system-out><![CDATA[First Number = 25
Second Number = 5
Pressed ADD button
Sum of two numbers is = 30
First Number = 25
Second Number = 5
Pressed ADD button
Sum of two numbers is = 30

2 Scenarios ([32m2 passed[0m)
8 Steps ([32m8 passed[0m)
0m0.078s

]]></system-out>
  <system-err><![CDATA[]]></system-err>
</testsuite>
